This is pdfTeX, Version 3.14159265-2.6-1.40.16 (MiKTeX 2.9) (preloaded format=pdflatex 2016.3.31)  11 APR 2016 14:39
entering extended mode
**"C:/Users/k586j642/Google Drive/wsu.2016.spring/CS715/Paper/rewrite/sig-alter
nate-sample.tex"

("C:/Users/k586j642/Google Drive/wsu.2016.spring/CS715/Paper/rewrite/sig-altern
ate-sample.tex"
LaTeX2e <2015/10/01> patch level 2
Babel <3.9n> and hyphenation patterns for 69 languages loaded.
(sig-alternate-05-2015.cls
("C:\Users\k586j642\AppData\Local\Programs\MiKTeX 2.9\tex\latex\graphics\epsfig
.sty"
Package: epsfig 1999/02/16 v1.7a (e)psfig emulation (SPQR)

("C:\Users\k586j642\AppData\Local\Programs\MiKTeX 2.9\tex\latex\graphics\graphi
cx.sty"
Package: graphicx 2014/10/28 v1.0g Enhanced LaTeX Graphics (DPC,SPQR)

("C:\Users\k586j642\AppData\Local\Programs\MiKTeX 2.9\tex\latex\graphics\keyval
.sty"
Package: keyval 2014/10/28 v1.15 key=value parser (DPC)
\KV@toks@=\toks14
)
("C:\Users\k586j642\AppData\Local\Programs\MiKTeX 2.9\tex\latex\graphics\graphi
cs.sty"
Package: graphics 2014/10/28 v1.0p Standard LaTeX Graphics (DPC,SPQR)

("C:\Users\k586j642\AppData\Local\Programs\MiKTeX 2.9\tex\latex\graphics\trig.s
ty"
Package: trig 1999/03/16 v1.09 sin cos tan (DPC)
)
("C:\Users\k586j642\AppData\Local\Programs\MiKTeX 2.9\tex\latex\00miktex\graphi
cs.cfg"
File: graphics.cfg 2007/01/18 v1.5 graphics configuration of teTeX/TeXLive
)
Package graphics Info: Driver file: pdftex.def on input line 94.

("C:\Users\k586j642\AppData\Local\Programs\MiKTeX 2.9\tex\latex\pdftex-def\pdft
ex.def"
File: pdftex.def 2011/05/27 v0.06d Graphics/color for pdfTeX

("C:\Users\k586j642\AppData\Local\Programs\MiKTeX 2.9\tex\generic\oberdiek\infw
arerr.sty"
Package: infwarerr 2010/04/08 v1.3 Providing info/warning/error messages (HO)
)
("C:\Users\k586j642\AppData\Local\Programs\MiKTeX 2.9\tex\generic\oberdiek\ltxc
mds.sty"
Package: ltxcmds 2011/11/09 v1.22 LaTeX kernel commands for general use (HO)
)
\Gread@gobject=\count79
))
\Gin@req@height=\dimen102
\Gin@req@width=\dimen103
)
\epsfxsize=\dimen104
\epsfysize=\dimen105
)
("C:\Users\k586j642\AppData\Local\Programs\MiKTeX 2.9\tex\latex\amsfonts\amssym
b.sty"
Package: amssymb 2013/01/14 v3.01 AMS font symbols

("C:\Users\k586j642\AppData\Local\Programs\MiKTeX 2.9\tex\latex\amsfonts\amsfon
ts.sty"
Package: amsfonts 2013/01/14 v3.01 Basic AMSFonts support
\@emptytoks=\toks15
\symAMSa=\mathgroup4
\symAMSb=\mathgroup5
LaTeX Font Info:    Overwriting math alphabet `\mathfrak' in version `bold'
(Font)                  U/euf/m/n --> U/euf/b/n on input line 106.
))
("C:\Users\k586j642\AppData\Local\Programs\MiKTeX 2.9\tex\latex\amsmath\amsmath
.sty"
Package: amsmath 2013/01/14 v2.14 AMS math features
\@mathmargin=\skip41

For additional information on amsmath, use the `?' option.

("C:\Users\k586j642\AppData\Local\Programs\MiKTeX 2.9\tex\latex\amsmath\amstext
.sty"
Package: amstext 2000/06/29 v2.01

("C:\Users\k586j642\AppData\Local\Programs\MiKTeX 2.9\tex\latex\amsmath\amsgen.
sty"
File: amsgen.sty 1999/11/30 v2.0
\@emptytoks=\toks16
\ex@=\dimen106
))
("C:\Users\k586j642\AppData\Local\Programs\MiKTeX 2.9\tex\latex\amsmath\amsbsy.
sty"
Package: amsbsy 1999/11/29 v1.2d
\pmbraise@=\dimen107
)
("C:\Users\k586j642\AppData\Local\Programs\MiKTeX 2.9\tex\latex\amsmath\amsopn.
sty"
Package: amsopn 1999/12/14 v2.01 operator names
)
\inf@bad=\count80
LaTeX Info: Redefining \frac on input line 210.
\uproot@=\count81
\leftroot@=\count82
LaTeX Info: Redefining \overline on input line 306.
\classnum@=\count83
\DOTSCASE@=\count84
LaTeX Info: Redefining \ldots on input line 378.
LaTeX Info: Redefining \dots on input line 381.
LaTeX Info: Redefining \cdots on input line 466.
\Mathstrutbox@=\box26
\strutbox@=\box27
\big@size=\dimen108
LaTeX Font Info:    Redeclaring font encoding OML on input line 566.
LaTeX Font Info:    Redeclaring font encoding OMS on input line 567.
\macc@depth=\count85
\c@MaxMatrixCols=\count86
\dotsspace@=\muskip10
\c@parentequation=\count87
\dspbrk@lvl=\count88
\tag@help=\toks17
\row@=\count89
\column@=\count90
\maxfields@=\count91
\andhelp@=\toks18
\eqnshift@=\dimen109
\alignsep@=\dimen110
\tagshift@=\dimen111
\tagwidth@=\dimen112
\totwidth@=\dimen113
\lineht@=\dimen114
\@envbody=\toks19
\multlinegap=\skip42
\multlinetaggap=\skip43
\mathdisplay@stack=\toks20
LaTeX Info: Redefining \[ on input line 2665.
LaTeX Info: Redefining \] on input line 2666.
)
Document Class 'sig-alternate' <9th June '13>. Modified by G.K.M. Tobin/Gerry M
urray/Boris Veytsman
Based in part upon document Style `acmconf' <22 May 89>. Hacked 4/91 by
shivers@cs.cmu.edu, 4/93 by theobald@cs.mcgill.ca
Excerpts were taken from (Journal Style) 'esub2acm.cls'.
****** Bugs/comments/suggestions/technicalities to Gerry Murray -- murray@hq.ac
m.org ******
Questions on the style, SIGS policies, etc. to Adrienne Griscti griscti@acm.org

\ACM@basesize=\count92

("C:\Users\k586j642\AppData\Local\Programs\MiKTeX 2.9\tex\latex\comment\comment
.sty"
\CommentStream=\write3
 Excluding comment 'comment') Excluding comment 'CCSXML'
\footheight=\dimen115
\@maxsep=\dimen116
\@dblmaxsep=\dimen117

("C:\Users\k586j642\AppData\Local\Programs\MiKTeX 2.9\tex\generic\oberdiek\ifpd
f.sty"
Package: ifpdf 2011/01/30 v2.3 Provides the ifpdf switch (HO)
Package ifpdf Info: pdfTeX in PDF mode is detected.
)
\aucount=\count93
\originalaucount=\count94
\auwidth=\dimen118
\auskip=\dimen119
\auskipcount=\count95
\auskip=\dimen120
\allauboxes=\dimen121
\addauthors=\toks21
\addauflag=\count96
\subtitletext=\toks22
\savesection=\count97
\sectioncntr=\count98
\c@figure=\count99
\c@table=\count100
\titleboxnotes=\toks23
\titleboxnoteflag=\count101


LaTeX Warning: You have requested document class `sig-alternate-05-2015',
               but the document class provides `sig-alternate'.

Document Class: sig-alternate 2013/05/12 v2.7 based on acmproc.cls V1.3 <Nov. 3
0 '99>

("C:\Users\k586j642\AppData\Local\Programs\MiKTeX 2.9\tex\latex\base\latexsym.s
ty"
Package: latexsym 1998/08/17 v2.2e Standard LaTeX package (lasy symbols)
\symlasy=\mathgroup6
LaTeX Font Info:    Overwriting symbol font `lasy' in version `bold'
(Font)                  U/lasy/m/n --> U/lasy/b/n on input line 52.
)
\@acmtitlebox=\box28
\titlenotecount=\count102
\tntoks=\toks24
\tntokstwo=\toks25
\tntoksthree=\toks26
\tntoksfour=\toks27
\tntoksfive=\toks28
\catcount=\count103
\copyrightnotice=\toks29
\conf=\toks30
\confinfo=\toks31
\c@part=\count104
\c@section=\count105
\c@subsection=\count106
\c@subsubsection=\count107
\c@paragraph=\count108

Using 'Abbrev' bibliography style
LaTeX Info: Redefining \cite on input line 1408.
\bibindent=\dimen122
\colcntr=\count109
\saveb@x=\box29
\copyrtyr=\toks32
\acmcopyr=\toks33
\boilerplate=\toks34
("C:\Users\k586j642\AppData\Local\Programs\MiKTeX 2.9\tex\latex\url\url.sty"
\Urlmuskip=\muskip11
Package: url 2013/09/16  ver 3.4  Verb mode for urls, etc.
)
(acmcopyright.sty
Package: acmcopyright 2014/06/29 v1.2 Copyright statemens for ACM classes

("C:\Users\k586j642\AppData\Local\Programs\MiKTeX 2.9\tex\latex\xkeyval\xkeyval
.sty"
Package: xkeyval 2014/12/03 v2.7a package option processing (HA)

("C:\Users\k586j642\AppData\Local\Programs\MiKTeX 2.9\tex\generic\xkeyval\xkeyv
al.tex"
("C:\Users\k586j642\AppData\Local\Programs\MiKTeX 2.9\tex\generic\xkeyval\xkvut
ils.tex"
\XKV@toks=\toks35
\XKV@tempa@toks=\toks36
)
\XKV@depth=\count110
File: xkeyval.tex 2014/12/03 v2.7a key=value parser (HA)
)))
\copyrightetc=\toks37

("C:\Users\k586j642\AppData\Local\Programs\MiKTeX 2.9\tex\latex\base\fontenc.st
y"
Package: fontenc 2005/09/27 v1.99g Standard LaTeX package

("C:\Users\k586j642\AppData\Local\Programs\MiKTeX 2.9\tex\latex\base\t1enc.def"
File: t1enc.def 2005/09/27 v1.99g Standard LaTeX file
LaTeX Font Info:    Redeclaring font encoding T1 on input line 48.
)
LaTeX Font Info:    Try loading font information for T1+aer on input line 105.
 ("C:\Users\k586j642\AppData\Local\Programs\MiKTeX 2.9\tex\latex\ae\t1aer.fd"
File: t1aer.fd 1997/11/16 Font definitions for T1/aer.
)))
\c@SampleEnv=\count111
\c@theorem=\count112
\c@lemma=\count113
 (sig-alternate-sample.aux)
\openout1 = `sig-alternate-sample.aux'.

LaTeX Font Info:    Checking defaults for OML/cmm/m/it on input line 56.
LaTeX Font Info:    ... okay on input line 56.
LaTeX Font Info:    Checking defaults for T1/cmr/m/n on input line 56.
LaTeX Font Info:    ... okay on input line 56.
LaTeX Font Info:    Checking defaults for OT1/cmr/m/n on input line 56.
LaTeX Font Info:    ... okay on input line 56.
LaTeX Font Info:    Checking defaults for OMS/cmsy/m/n on input line 56.
LaTeX Font Info:    ... okay on input line 56.
LaTeX Font Info:    Checking defaults for OMX/cmex/m/n on input line 56.
LaTeX Font Info:    ... okay on input line 56.
LaTeX Font Info:    Checking defaults for U/cmr/m/n on input line 56.
LaTeX Font Info:    ... okay on input line 56.

("C:\Users\k586j642\AppData\Local\Programs\MiKTeX 2.9\tex\context\base\supp-pdf
.mkii"
[Loading MPS to PDF converter (version 2006.09.02).]
\scratchcounter=\count114
\scratchdimen=\dimen123
\scratchbox=\box30
\nofMPsegments=\count115
\nofMParguments=\count116
\everyMPshowfont=\toks38
\MPscratchCnt=\count117
\MPscratchDim=\dimen124
\MPnumerator=\count118
\makeMPintoPDFobject=\count119
\everyMPtoPDFconversion=\toks39
)
LaTeX Font Info:    Try loading font information for U+msa on input line 144.

("C:\Users\k586j642\AppData\Local\Programs\MiKTeX 2.9\tex\latex\amsfonts\umsa.f
d"
File: umsa.fd 2013/01/14 v3.01 AMS symbols A
)
LaTeX Font Info:    Try loading font information for U+msb on input line 144.

("C:\Users\k586j642\AppData\Local\Programs\MiKTeX 2.9\tex\latex\amsfonts\umsb.f
d"
File: umsb.fd 2013/01/14 v3.01 AMS symbols B
)
LaTeX Font Info:    Try loading font information for U+lasy on input line 144.

("C:\Users\k586j642\AppData\Local\Programs\MiKTeX 2.9\tex\latex\base\ulasy.fd"
File: ulasy.fd 1998/08/17 v2.2e LaTeX symbol font definitions
)
Overfull \hbox (525.59998pt too wide) in paragraph at lines 144--144
 [][][][] 
 []

LaTeX Font Info:    Try loading font information for T1+ptm on input line 144.
("C:\Users\k586j642\AppData\Local\Programs\MiKTeX 2.9\tex\latex\psnfss\t1ptm.fd
"
File: t1ptm.fd 2001/06/04 font definitions for T1/ptm.
)
LaTeX Font Info:    Try loading font information for OMS+ptm on input line 144.


("C:\Users\k586j642\AppData\Local\Programs\MiKTeX 2.9\tex\latex\psnfss\omsptm.f
d"
File: omsptm.fd 
)
LaTeX Font Info:    Font shape `OMS/ptm/m/n' in size <7> not available
(Font)              Font shape `OMS/cmsy/m/n' tried instead on input line 144.
 Excluding 'CCSXML' comment.
LaTeX Font Info:    Try loading font information for OMS+aer on input line 196.


("C:\Users\k586j642\AppData\Local\Programs\MiKTeX 2.9\tex\latex\ae\omsaer.fd"
File: omsaer.fd 1999/12/27
)
LaTeX Font Info:    Font shape `OMS/aer/m/n' in size <9> not available
(Font)              Font shape `OMS/cmsy/m/n' tried instead on input line 196.

[1{C:/Users/k586j642/AppData/Local/MiKTeX/2.9/pdftex/config/pdftex.map}


]
Missing character: There is no â in font cmr9!
Missing character: There is no € in font cmr9!
Missing character: There is no ¦ in font cmr9!
Missing character: There is no â in font cmr9!
Missing character: There is no € in font cmr9!
Missing character: There is no ¦ in font cmr9!
Missing character: There is no Î in font cmr9!
Missing character: There is no ± in font cmr9!
Missing character: There is no Î in font cmr9!
Missing character: There is no ² in font cmr9!
Missing character: There is no Î in font cmr9!
Missing character: There is no ³ in font cmr9!
Missing character: There is no â in font cmr9!
Missing character: There is no € in font cmr9!
Missing character: There is no ¦ in font cmr9!

Overfull \hbox (2.98967pt too wide) in paragraph at lines 324--326
[]\T1/aer/m/n/9 A sur-vey of pre-vi-ous work on the cal-cu-la-tion of $\OML/cmm
/m/it/9 FIRST[]\OT1/cmr/m/n/9 (\OML/cmm/m/it/9 \OT1/cmr/m/n/9 )$
 []

Missing character: There is no â in font cmr9!
Missing character: There is no € in font cmr9!
Missing character: There is no ¦ in font cmr9!
Missing character: There is no â in font cmr9!
Missing character: There is no € in font cmr9!
Missing character: There is no ¦ in font cmr9!

Overfull \hbox (3.2381pt too wide) in paragraph at lines 380--386
\T1/aer/m/n/9 string $\OML/cmm/m/it/9  \OT1/cmr/m/n/9 = \OML/cmm/m/it/9 X[]X[]
X[]$ \T1/aer/m/n/9 in $\OT1/cmr/m/n/9 (\OML/cmm/m/it/9 N \OMS/cmsy/m/n/9 [ \OT1
/cmr/m/n/9 )\OMS/cmsy/m/n/9 $\T1/aer/m/n/9 , $\OML/cmm/m/it/9 FIRST[]\OT1/cmr
/m/n/9 (\OML/cmm/m/it/9 \OT1/cmr/m/n/9 )$ \T1/aer/m/n/9 = $\OML/cmm/m/it/9 FIR
ST[]\OT1/cmr/m/n/9 (\OML/cmm/m/it/9 X[]\OT1/cmr/m/n/9 )$
 []

[2] <thead_algorithm.PNG, id=25, 356.0803pt x 546.54187pt>
File: thead_algorithm.PNG Graphic file (type png)

<use thead_algorithm.PNG>
Package pdftex.def Info: thead_algorithm.PNG used on input line 460.
(pdftex.def)             Requested size: 231.44945pt x 355.248pt.
Missing character: There is no â in font cmr9!
Missing character: There is no € in font cmr9!
Missing character: There is no ¦ in font cmr9!
Missing character: There is no â in font cmr9!
Missing character: There is no € in font cmr9!
Missing character: There is no ¦ in font cmr9!

Overfull \hbox (2.59143pt too wide) in paragraph at lines 564--566
[]\T1/aer/m/n/9 This fol-lows from Lemma 1, Lemma 2 and Lemma
 []

[3 <./thead_algorithm.PNG>]

LaTeX Warning: No positions in optional float specifier.
               Default added (so using `tbp') on input line 631.


LaTeX Warning: No positions in optional float specifier.
               Default added (so using `tbp') on input line 673.

[4]
Overfull \hbox (6.54768pt too wide) in paragraph at lines 772--775
\T1/aer/m/it/9 find the set of 2-theads of XYZU, this time use the $\OML/cmm/m/
it/9 FIRST[]\OT1/cmr/m/n/9 (\OML/cmm/m/it/9 \OT1/cmr/m/n/9 )$
 []

Missing character: There is no Î in font cmr9!
Missing character: There is no µ in font cmr9!
Missing character: There is no Î in font cmr9!
Missing character: There is no µ in font cmr9!
Missing character: There is no Î in font cmr9!
Missing character: There is no µ in font cmr9!

Overfull \hbox (4.46046pt too wide) in paragraph at lines 825--829
\T1/aer/m/n/9 = $\OML/cmm/m/it/9 FIRST\OT1/cmr/m/n/9 2(\OML/cmm/m/it/9 X\OT1/cm
r/m/n/9 ) \OMS/cmsy/m/n/9 [] \OML/cmm/m/it/9 FIRST[]\OT1/cmr/m/n/9 (\OML/cmm/m
/it/9 Y\OT1/cmr/m/n/9 ) \OMS/cmsy/m/n/9 [] \OML/cmm/m/it/9 FIRST\OT1/cmr/m/n/9
 2(\OML/cmm/m/it/9 Z\OT1/cmr/m/n/9 ) \OMS/cmsy/m/n/9 [] \OML/cmm/m/it/9 FIRST[
]\OT1/cmr/m/n/9 (\OML/cmm/m/it/9 U\OT1/cmr/m/n/9 )$
 []

[5] <table3.PNG, id=37, 336.50719pt x 251.43938pt>
File: table3.PNG Graphic file (type png)
 <use table3.PNG>
Package pdftex.def Info: table3.PNG used on input line 862.
(pdftex.def)             Requested size: 168.25317pt x 125.71938pt.

<figure2.PNG, id=38, 359.84438pt x 235.63031pt>
File: figure2.PNG Graphic file (type png)
 <use figure2.PNG>
Package pdftex.def Info: figure2.PNG used on input line 870.
(pdftex.def)             Requested size: 179.92174pt x 117.81487pt.

<table4.PNG, id=39, 349.305pt x 211.54031pt>
File: table4.PNG Graphic file (type png)
 <use table4.PNG>
Package pdftex.def Info: table4.PNG used on input line 889.
(pdftex.def)             Requested size: 174.65207pt x 105.76988pt.

<figure3.PNG, id=40, 369.63094pt x 247.67531pt>
File: figure3.PNG Graphic file (type png)
 <use figure3.PNG>
Package pdftex.def Info: figure3.PNG used on input line 897.
(pdftex.def)             Requested size: 184.815pt x 123.83734pt.

<table5.PNG, id=41, 345.54094pt x 252.19218pt>
File: table5.PNG Graphic file (type png)
 <use table5.PNG>
Package pdftex.def Info: table5.PNG used on input line 922.
(pdftex.def)             Requested size: 172.77003pt x 126.09578pt.

<figure4.PNG, id=42, 382.42876pt x 288.3272pt>
File: figure4.PNG Graphic file (type png)
 <use figure4.PNG>
Package pdftex.def Info: figure4.PNG used on input line 930.
(pdftex.def)             Requested size: 191.2139pt x 144.16324pt.

Overfull \hbox (7.19829pt too wide) in paragraph at lines 938--938
[]\secfnt Test case 4: Av-er-age on 100 strings of length
 []


Underfull \vbox (badness 7168) has occurred while \output is active []

 [6 <./table3.PNG> <./figure2.PNG> <./table4.PNG> <./figure3.PNG>]
<table6.PNG, id=50, 438.8897pt x 259.7203pt>
File: table6.PNG Graphic file (type png)
 <use table6.PNG>
Package pdftex.def Info: table6.PNG used on input line 962.
(pdftex.def)             Requested size: 219.4443pt x 129.85983pt.

<figure5.PNG, id=51, 475.7775pt x 328.97906pt>
File: figure5.PNG Graphic file (type png)
 <use figure5.PNG>
Package pdftex.def Info: figure5.PNG used on input line 970.
(pdftex.def)             Requested size: 237.88815pt x 164.48912pt.

<figure6.PNG, id=52, 355.3275pt x 288.3272pt>
File: figure6.PNG Graphic file (type png)
 <use figure6.PNG>
Package pdftex.def Info: figure6.PNG used on input line 997.
(pdftex.def)             Requested size: 177.6633pt x 144.16324pt.

Underfull \vbox (badness 10000) has occurred while \output is active []

 [7 <./table5.PNG> <./figure4.PNG> <./table6.PNG> <./figure5.PNG>]
Overfull \hbox (6.4066pt too wide) in paragraph at lines 1031--1033
[]\T1/aer/m/n/9 We briefly dis-cuss the im-ple-men-ta-tion of the two ap-proach
es
 []


Overfull \hbox (2.58147pt too wide) in paragraph at lines 1049--1060
[]\T1/aer/m/n/9 To guar-an-tee sim-i-lar search ex-pe-ri-ence for both al-go-ri
thms,
 []

Missing character: There is no â in font cmr9!
Missing character: There is no € in font cmr9!
Missing character: There is no ¦ in font cmr9!

Overfull \hbox (16.86244pt too wide) in paragraph at lines 1068--1076
\T1/aer/m/n/9 man, an ar-ray is also used to store the pre-computed FIRSTk(Xi)
 []


Overfull \hbox (13.16348pt too wide) in paragraph at lines 1094--1097
\T1/aer/m/n/9 late the ter-mi-nal heads of length k, which is called THEADk(Î±)
. 
 []


Overfull \hbox (20.43752pt too wide) in paragraph at lines 1107--1113
[]\T1/aer/m/n/9 An em-pir-i-cal study was con-ducted to com-pare the THEADk(Î±)

 []


Overfull \hbox (10.00473pt too wide) in paragraph at lines 1114--1118
[]\T1/aer/m/n/9 Finally, we dis-cussed the ap-pli-ca-tion of the new THEADk(Î±)

 []

[8 <./figure6.PNG>] (sig-alternate-sample.bbl) [9

] (sig-alternate-sample.aux) ) 
Here is how much of TeX's memory you used:
 2959 strings out of 493634
 38024 string characters out of 3134015
 127086 words of memory out of 3000000
 6250 multiletter control sequences out of 15000+200000
 59044 words of font info for 83 fonts, out of 3000000 for 9000
 1025 hyphenation exceptions out of 8191
 41i,10n,34p,337b,466s stack positions out of 5000i,500n,10000p,200000b,50000s
{C:/Users/k586j642/AppData/Local/Programs/MiKTeX 
2.9/fonts/enc/dvips/fontname/8r.enc}<C:/Users/k586j642/AppData/Local/Programs/M
iKTeX 2.9/fonts/type1/public/amsfonts/cm/cmbx9.pfb><C:/Users/k586j642/AppData/L
ocal/Programs/MiKTeX 2.9/fonts/type1/public/amsfonts/cm/cmcsc10.pfb><C:/Users/k
586j642/AppData/Local/Programs/MiKTeX 2.9/fonts/type1/public/amsfonts/cm/cmmi6.
pfb><C:/Users/k586j642/AppData/Local/Programs/MiKTeX 2.9/fonts/type1/public/ams
fonts/cm/cmmi9.pfb><C:/Users/k586j642/AppData/Local/Programs/MiKTeX 2.9/fonts/t
ype1/public/amsfonts/cm/cmr6.pfb><C:/Users/k586j642/AppData/Local/Programs/MiKT
eX 2.9/fonts/type1/public/amsfonts/cm/cmr8.pfb><C:/Users/k586j642/AppData/Local
/Programs/MiKTeX 2.9/fonts/type1/public/amsfonts/cm/cmr9.pfb><C:/Users/k586j642
/AppData/Local/Programs/MiKTeX 2.9/fonts/type1/public/amsfonts/cm/cmsy6.pfb><C:
/Users/k586j642/AppData/Local/Programs/MiKTeX 2.9/fonts/type1/public/amsfonts/c
m/cmsy7.pfb><C:/Users/k586j642/AppData/Local/Programs/MiKTeX 2.9/fonts/type1/pu
blic/amsfonts/cm/cmsy9.pfb><C:/Users/k586j642/AppData/Local/Programs/MiKTeX 2.9
/fonts/type1/public/amsfonts/cm/cmti9.pfb><C:/Users/k586j642/AppData/Local/Prog
rams/MiKTeX 2.9/fonts/type1/public/amsfonts/symbols/msam10.pfb><C:/Users/k586j6
42/AppData/Local/Programs/MiKTeX 2.9/fonts/type1/urw/helvetic/uhvb8a.pfb><C:/Us
ers/k586j642/AppData/Local/Programs/MiKTeX 2.9/fonts/type1/urw/helvetic/uhvr8a.
pfb><C:/Users/k586j642/AppData/Local/Programs/MiKTeX 2.9/fonts/type1/urw/times/
utmb8a.pfb><C:/Users/k586j642/AppData/Local/Programs/MiKTeX 2.9/fonts/type1/urw
/times/utmr8a.pfb><C:/Users/k586j642/AppData/Local/Programs/MiKTeX 2.9/fonts/ty
pe1/urw/times/utmri8a.pfb>
Output written on sig-alternate-sample.pdf (9 pages, 566996 bytes).
PDF statistics:
 122 PDF objects out of 1000 (max. 8388607)
 0 named destinations out of 1000 (max. 500000)
 51 words of extra memory for PDF output out of 10000 (max. 10000000)

